  Creating makefile for ViveDemoCppEditor (no existing makefile)
  Parsing headers for ViveDemoCppEditor
    Running UnrealHeaderTool "D:\UE4_PRJ\ViveDemoCpp\ViveDemoCpp\ViveDemoCpp.uproject" "D:\UE4_PRJ\ViveDemoCpp\ViveDemoCpp\Intermediate\Build\Win64\ViveDemoCppEditor\Development\ViveDemoCppEditor.uhtmanifest" -LogCmds="loginit warning, logexit warning, logdatabase error" -Unattended -WarningsAsErrors -installed
  Reflection code generated for ViveDemoCppEditor in 3.4562506 seconds
  Deleting old hot reload file: "D:\UE4_PRJ\ViveDemoCpp\ViveDemoCpp\Binaries\Win64\UE4Editor-ViveDemoCpp-1316.dll".
  Deleting old hot reload file: "D:\UE4_PRJ\ViveDemoCpp\ViveDemoCpp\Binaries\Win64\UE4Editor-ViveDemoCpp-1316.pdb".
  Deleting old hot reload file: "D:\UE4_PRJ\ViveDemoCpp\ViveDemoCpp\Binaries\Win64\UE4Editor-ViveDemoCpp-1545.dll".
  Deleting old hot reload file: "D:\UE4_PRJ\ViveDemoCpp\ViveDemoCpp\Binaries\Win64\UE4Editor-ViveDemoCpp-1545.pdb".
  Deleting old hot reload file: "D:\UE4_PRJ\ViveDemoCpp\ViveDemoCpp\Binaries\Win64\UE4Editor-ViveDemoCpp-2351.dll".
  Deleting old hot reload file: "D:\UE4_PRJ\ViveDemoCpp\ViveDemoCpp\Binaries\Win64\UE4Editor-ViveDemoCpp-2351.pdb".
  Deleting old hot reload file: "D:\UE4_PRJ\ViveDemoCpp\ViveDemoCpp\Binaries\Win64\UE4Editor-ViveDemoCpp-3449.dll".
  Deleting old hot reload file: "D:\UE4_PRJ\ViveDemoCpp\ViveDemoCpp\Binaries\Win64\UE4Editor-ViveDemoCpp-3449.pdb".
  Deleting old hot reload file: "D:\UE4_PRJ\ViveDemoCpp\ViveDemoCpp\Binaries\Win64\UE4Editor-ViveDemoCpp-4494.dll".
  Deleting old hot reload file: "D:\UE4_PRJ\ViveDemoCpp\ViveDemoCpp\Binaries\Win64\UE4Editor-ViveDemoCpp-4494.pdb".
  Deleting old hot reload file: "D:\UE4_PRJ\ViveDemoCpp\ViveDemoCpp\Binaries\Win64\UE4Editor-ViveDemoCpp-5219.dll".
  Deleting old hot reload file: "D:\UE4_PRJ\ViveDemoCpp\ViveDemoCpp\Binaries\Win64\UE4Editor-ViveDemoCpp-5219.pdb".
  Deleting old hot reload file: "D:\UE4_PRJ\ViveDemoCpp\ViveDemoCpp\Binaries\Win64\UE4Editor-ViveDemoCpp-7252.dll".
  Deleting old hot reload file: "D:\UE4_PRJ\ViveDemoCpp\ViveDemoCpp\Binaries\Win64\UE4Editor-ViveDemoCpp-7252.pdb".
  Deleting old hot reload file: "D:\UE4_PRJ\ViveDemoCpp\ViveDemoCpp\Binaries\Win64\UE4Editor-ViveDemoCpp-7361.dll".
  Deleting old hot reload file: "D:\UE4_PRJ\ViveDemoCpp\ViveDemoCpp\Binaries\Win64\UE4Editor-ViveDemoCpp-7361.pdb".
  Unable to delete old hot reload file: "D:\UE4_PRJ\ViveDemoCpp\ViveDemoCpp\Binaries\Win64\UE4Editor-ViveDemoCpp-7361.pdb". Error: 文件“D:\UE4_PRJ\ViveDemoCpp\ViveDemoCpp\Binaries\Win64\UE4Editor-ViveDemoCpp-7361.pdb”正由另一进程使用，因此该进程无法访问此文件。
  Deleting old hot reload file: "D:\UE4_PRJ\ViveDemoCpp\ViveDemoCpp\Binaries\Win64\UE4Editor-ViveDemoCpp-7531.dll".
  Deleting old hot reload file: "D:\UE4_PRJ\ViveDemoCpp\ViveDemoCpp\Binaries\Win64\UE4Editor-ViveDemoCpp-7531.pdb".
  Deleting old hot reload file: "D:\UE4_PRJ\ViveDemoCpp\ViveDemoCpp\Binaries\Win64\UE4Editor-ViveDemoCpp-7784.dll".
  Deleting old hot reload file: "D:\UE4_PRJ\ViveDemoCpp\ViveDemoCpp\Binaries\Win64\UE4Editor-ViveDemoCpp-7784.pdb".
  Deleting old hot reload file: "D:\UE4_PRJ\ViveDemoCpp\ViveDemoCpp\Binaries\Win64\UE4Editor-ViveDemoCpp-8473.dll".
  Deleting old hot reload file: "D:\UE4_PRJ\ViveDemoCpp\ViveDemoCpp\Binaries\Win64\UE4Editor-ViveDemoCpp-8473.pdb".
  Deleting old hot reload file: "D:\UE4_PRJ\ViveDemoCpp\ViveDemoCpp\Binaries\Win64\UE4Editor-ViveDemoCpp-8932.dll".
  Deleting old hot reload file: "D:\UE4_PRJ\ViveDemoCpp\ViveDemoCpp\Binaries\Win64\UE4Editor-ViveDemoCpp-8932.pdb".
  Deleting old hot reload file: "D:\UE4_PRJ\ViveDemoCpp\ViveDemoCpp\Binaries\Win64\UE4Editor-ViveDemoCpp-917.dll".
  Deleting old hot reload file: "D:\UE4_PRJ\ViveDemoCpp\ViveDemoCpp\Binaries\Win64\UE4Editor-ViveDemoCpp-917.pdb".
  Deleting old hot reload file: "D:\UE4_PRJ\ViveDemoCpp\ViveDemoCpp\Binaries\Win64\UE4Editor-ViveDemoCpp-9284.dll".
  Deleting old hot reload file: "D:\UE4_PRJ\ViveDemoCpp\ViveDemoCpp\Binaries\Win64\UE4Editor-ViveDemoCpp-9284.pdb".
  Deleting old hot reload file: "D:\UE4_PRJ\ViveDemoCpp\ViveDemoCpp\Binaries\Win64\UE4Editor-ViveDemoCpp-9288.dll".
  Deleting old hot reload file: "D:\UE4_PRJ\ViveDemoCpp\ViveDemoCpp\Binaries\Win64\UE4Editor-ViveDemoCpp-9288.pdb".
  Deleting old hot reload file: "D:\UE4_PRJ\ViveDemoCpp\ViveDemoCpp\Binaries\Win64\UE4Editor-ViveDemoCpp-9998.dll".
  Deleting old hot reload file: "D:\UE4_PRJ\ViveDemoCpp\ViveDemoCpp\Binaries\Win64\UE4Editor-ViveDemoCpp-9998.pdb".
  Performing 5 actions (4 in parallel)
  ViveDemoCppGameModeBase.cpp
  ViveDemoCpp.generated.cpp
  DemoPawn.cpp
  [4/5] Link UE4Editor-ViveDemoCpp.dll
  [5/5] Link UE4Editor-ViveDemoCpp.lib
    正在创建库 D:\UE4_PRJ\ViveDemoCpp\ViveDemoCpp\Intermediate\Build\Win64\UE4Editor\Development\UE4Editor-ViveDemoCpp.lib 和对象 D:\UE4_PRJ\ViveDemoCpp\ViveDemoCpp\Intermediate\Build\Win64\UE4Editor\Development\UE4Editor-ViveDemoCpp.exp
    正在创建库 D:\UE4_PRJ\ViveDemoCpp\ViveDemoCpp\Intermediate\Build\Win64\UE4Editor\Development\UE4Editor-ViveDemoCpp.suppressed.lib 和对象 D:\UE4_PRJ\ViveDemoCpp\ViveDemoCpp\Intermediate\Build\Win64\UE4Editor\Development\UE4Editor-ViveDemoCpp.suppressed.exp
  Deploying ViveDemoCppEditor Win64 Development...
  Total build time: 8.45 seconds (Local executor: 2.44 seconds)
